<?xml version="1.0" encoding="UTF-8"?>
<!-- Generated by org.testng.reporters.JUnitXMLReporter -->
<testsuite ignored="0" hostname="DESKTOP-T3F5S48" failures="0" tests="5" name="Default test" time="25.561" errors="0" timestamp="2022-01-06T12:27:42 IST">
  <testcase classname="MoneyCorpTest" name="goToForeginExchange" time="2.157"/>
  <testcase classname="MoneyCorpTest" name="languageChange" time="4.3"/>
  <testcase classname="MoneyCorpTest" name="linkValidation" time="0.517"/>
  <testcase classname="MoneyCorpTest" name="searchIntenationalPayments" time="10.313"/>
  <testcase classname="MoneyCorpTest" name="validateForeginExchangePage" time="0.07"/>
</testsuite> <!-- Default test -->
