<?xml version="1.0" encoding="UTF-8"?>
<testng-results ignored="0" total="5" passed="5" failed="0" skipped="0">
  <reporter-output>
    <line>
      <![CDATA[****Browser Session Started****]]>
    </line>
    <line>
      <![CDATA[****Application Started****]]>
    </line>
    <line>
      <![CDATA[****Browser Session End****]]>
    </line>
  </reporter-output>
  <suite started-at="2022-01-06T12:27:16 IST" name="Default suite" finished-at="2022-01-06T12:27:42 IST" duration-ms="25561">
    <groups>
    </groups>
    <test started-at="2022-01-06T12:27:16 IST" name="Default test" finished-at="2022-01-06T12:27:42 IST" duration-ms="25561">
      <class name="MoneyCorpTest">
        <test-method is-config="true" signature="setupApplication()[pri:0, instance:MoneyCorpTest@2fd1433e]" started-at="2022-01-06T12:27:16 IST" name="setupApplication" finished-at="2022-01-06T12:27:23 IST" duration-ms="6908" status="PASS">
          <reporter-output>
            <line>
              <![CDATA[****Browser Session Started****]]>
            </line>
            <line>
              <![CDATA[****Application Started****]]>
            </line>
          </reporter-output>
        </test-method> <!-- setupApplication -->
        <test-method signature="goToForeginExchange()[pri:0, instance:MoneyCorpTest@2fd1433e]" started-at="2022-01-06T12:27:23 IST" name="goToForeginExchange" description="This TC will Click Find out more for “Foreign exchange solutions”" finished-at="2022-01-06T12:27:25 IST" duration-ms="2157" status="PASS">
          <reporter-output>
          </reporter-output>
        </test-method> <!-- goToForeginExchange -->
        <test-method signature="languageChange()[pri:0, instance:MoneyCorpTest@2fd1433e]" started-at="2022-01-06T12:27:25 IST" name="languageChange" description="This TC will Change the language and region" finished-at="2022-01-06T12:27:30 IST" duration-ms="4300" status="PASS">
          <reporter-output>
          </reporter-output>
        </test-method> <!-- languageChange -->
        <test-method signature="linkValidation()[pri:0, instance:MoneyCorpTest@2fd1433e]" started-at="2022-01-06T12:27:30 IST" name="linkValidation" description="Validate that each article in the list displays a link that starts with a URL" finished-at="2022-01-06T12:27:30 IST" duration-ms="517" status="PASS">
          <reporter-output>
          </reporter-output>
        </test-method> <!-- linkValidation -->
        <test-method signature="searchIntenationalPayments()[pri:0, instance:MoneyCorpTest@2fd1433e]" started-at="2022-01-06T12:27:30 IST" name="searchIntenationalPayments" description="This TC will Search for the word “international payments”" finished-at="2022-01-06T12:27:40 IST" duration-ms="10313" status="PASS">
          <reporter-output>
          </reporter-output>
        </test-method> <!-- searchIntenationalPayments -->
        <test-method signature="validateForeginExchangePage()[pri:0, instance:MoneyCorpTest@2fd1433e]" started-at="2022-01-06T12:27:40 IST" name="validateForeginExchangePage" description="This TC will Validate if we are on page “Foreign exchange solutions”" finished-at="2022-01-06T12:27:40 IST" duration-ms="70" status="PASS">
          <reporter-output>
          </reporter-output>
        </test-method> <!-- validateForeginExchangePage -->
        <test-method is-config="true" signature="closeApplication()[pri:0, instance:MoneyCorpTest@2fd1433e]" started-at="2022-01-06T12:27:40 IST" name="closeApplication" finished-at="2022-01-06T12:27:42 IST" duration-ms="1219" status="PASS">
          <reporter-output>
            <line>
              <![CDATA[****Browser Session End****]]>
            </line>
          </reporter-output>
        </test-method> <!-- closeApplication -->
      </class> <!-- MoneyCorpTest -->
    </test> <!-- Default test -->
  </suite> <!-- Default suite -->
</testng-results>
